[debug] [2021-06-21T13:08:13.712Z] ----------------------------------------------------------------------
[debug] [2021-06-21T13:08:13.714Z] Command:       C:\Program Files\nodejs\node.exe C:\Users\rosse\AppData\Roaming\npm\node_modules\firebase-tools\lib\bin\firebase.js deploy
[debug] [2021-06-21T13:08:13.714Z] CLI Version:   8.4.3
[debug] [2021-06-21T13:08:13.714Z] Platform:      win32
[debug] [2021-06-21T13:08:13.714Z] Node Version:  v12.16.3
[debug] [2021-06-21T13:08:13.715Z] Time:          Mon Jun 21 2021 09:08:13 GMT-0400 (Eastern Daylight Time)
[debug] [2021-06-21T13:08:13.715Z] ----------------------------------------------------------------------
[debug] [2021-06-21T13:08:13.715Z] 
[debug] [2021-06-21T13:08:13.724Z] > command requires scopes: ["email","openid","https://www.googleapis.com/auth/cloudplatformprojects.readonly","https://www.googleapis.com/auth/firebase","https://www.googleapis.com/auth/cloud-platform"]
[debug] [2021-06-21T13:08:13.724Z] > authorizing via signed-in user
[debug] [2021-06-21T13:08:13.724Z] [iam] checking project lukusite for permissions ["firebase.projects.get","firebasedatabase.instances.update","firebasehosting.sites.update"]
[debug] [2021-06-21T13:08:13.726Z] > refreshing access token with scopes: ["email","https://www.googleapis.com/auth/cloud-platform","https://www.googleapis.com/auth/cloudplatformprojects.readonly","https://www.googleapis.com/auth/firebase","openid"]
[debug] [2021-06-21T13:08:13.726Z] >>> HTTP REQUEST POST https://www.googleapis.com/oauth2/v3/token  
 <request body omitted>
[debug] [2021-06-21T13:08:13.904Z] <<< HTTP RESPONSE 200 {"date":"Mon, 21 Jun 2021 13:08:14 GMT","expires":"Mon, 01 Jan 1990 00:00:00 GMT","cache-control":"no-cache, no-store, max-age=0, must-revalidate","pragma":"no-cache","content-type":"application/json; charset=utf-8","vary":"X-Origin, Referer, Origin,Accept-Encoding","server":"scaffolding on HTTPServer2","x-xss-protection":"0","x-frame-options":"SAMEORIGIN","x-content-type-options":"nosniff","alt-svc":"h3=\":443\"; ma=2592000,h3-29=\":443\"; ma=2592000,h3-T051=\":443\"; ma=2592000,h3-Q050=\":443\"; ma=2592000,h3-Q046=\":443\"; ma=2592000,h3-Q043=\":443\"; ma=2592000,quic=\":443\"; ma=2592000; v=\"46,43\"","accept-ranges":"none","transfer-encoding":"chunked"}
[debug] [2021-06-21T13:08:13.907Z] >>> HTTP REQUEST POST https://cloudresourcemanager.googleapis.com/v1/projects/lukusite:testIamPermissions  
 {"permissions":["firebase.projects.get","firebasedatabase.instances.update","firebasehosting.sites.update"]}
[debug] [2021-06-21T13:08:14.243Z] <<< HTTP RESPONSE 200 {"content-type":"application/json; charset=UTF-8","vary":"X-Origin, Referer, Origin,Accept-Encoding","date":"Mon, 21 Jun 2021 13:08:15 GMT","server":"ESF","cache-control":"private","x-xss-protection":"0","x-frame-options":"SAMEORIGIN","x-content-type-options":"nosniff","server-timing":"gfet4t7; dur=46","alt-svc":"h3=\":443\"; ma=2592000,h3-29=\":443\"; ma=2592000,h3-T051=\":443\"; ma=2592000,h3-Q050=\":443\"; ma=2592000,h3-Q046=\":443\"; ma=2592000,h3-Q043=\":443\"; ma=2592000,quic=\":443\"; ma=2592000; v=\"46,43\"","accept-ranges":"none","transfer-encoding":"chunked"}
[debug] [2021-06-21T13:08:14.244Z] >>> HTTP REQUEST GET https://firebase.googleapis.com/v1beta1/projects/lukusite  
 
[debug] [2021-06-21T13:08:14.523Z] <<< HTTP RESPONSE 200 {"content-type":"application/json; charset=UTF-8","vary":"X-Origin, Referer, Origin,Accept-Encoding","date":"Mon, 21 Jun 2021 13:08:15 GMT","server":"ESF","cache-control":"private","x-xss-protection":"0","x-frame-options":"SAMEORIGIN","x-content-type-options":"nosniff","alt-svc":"h3=\":443\"; ma=2592000,h3-29=\":443\"; ma=2592000,h3-T051=\":443\"; ma=2592000,h3-Q050=\":443\"; ma=2592000,h3-Q046=\":443\"; ma=2592000,h3-Q043=\":443\"; ma=2592000,quic=\":443\"; ma=2592000; v=\"46,43\"","accept-ranges":"none","transfer-encoding":"chunked"}
[info] 
[info] === Deploying to 'lukusite'...
[info] 
[info] i  deploying database, hosting 
[info] i  database: checking rules syntax... 
[debug] [2021-06-21T13:08:14.526Z] >>> HTTP REQUEST PUT https://lukusite.firebaseio.com/.settings/rules.json?dryRun=true  
 {
  /* Visit https://firebase.google.com/docs/database/security to learn more about security rules. */
  "rules": {
    ".read": false,
    ".write": false
  }
}
[debug] [2021-06-21T13:08:14.960Z] <<< HTTP RESPONSE 200 {"server":"nginx","date":"Mon, 21 Jun 2021 13:08:15 GMT","content-type":"application/json; charset=utf-8","content-length":"15","connection":"keep-alive","access-control-allow-origin":"*","cache-control":"no-cache","strict-transport-security":"max-age=31556926; includeSubDomains; preload"}
[info] +  database: rules syntax for database lukusite is valid 
[debug] [2021-06-21T13:08:14.961Z] >>> HTTP REQUEST POST https://firebasehosting.googleapis.com/v1beta1/sites/lukusite/versions  
 {"config":{"rewrites":[{"glob":"**","path":"/index.html"}],"headers":[{"glob":"**","headers":{"Cache-Control":"no-cache, no-store, must-revalidate"}}]},"labels":{"deployment-tool":"cli-firebase"}}
[debug] [2021-06-21T13:08:15.469Z] <<< HTTP RESPONSE 200 {"content-type":"application/json; charset=UTF-8","vary":"X-Origin, Referer, Origin,Accept-Encoding","date":"Mon, 21 Jun 2021 13:08:16 GMT","server":"ESF","cache-control":"private","x-xss-protection":"0","x-frame-options":"SAMEORIGIN","x-content-type-options":"nosniff","alt-svc":"h3=\":443\"; ma=2592000,h3-29=\":443\"; ma=2592000,h3-T051=\":443\"; ma=2592000,h3-Q050=\":443\"; ma=2592000,h3-Q046=\":443\"; ma=2592000,h3-Q043=\":443\"; ma=2592000,quic=\":443\"; ma=2592000; v=\"46,43\"","accept-ranges":"none","transfer-encoding":"chunked"}
[info] i  hosting[lukusite]: beginning deploy... 
[info] i  hosting[lukusite]: found 215 files in dist/LukuSiteAngular 
[debug] [2021-06-21T13:08:16.757Z] [hosting] hash cache [ZGlzdFxMdWt1U2l0ZUFuZ3VsYXI] stored for 215 files
[debug] [2021-06-21T13:08:16.757Z] [hosting][hash queue][FINAL] {"max":886,"min":15,"avg":112.49302325581392,"active":0,"complete":215,"success":215,"errored":0,"retried":0,"total":215,"elapsed":1216}
[debug] [2021-06-21T13:08:16.758Z] >>> HTTP REQUEST POST https://firebasehosting.googleapis.com/v1beta1/sites/lukusite/versions/404bf8d23f94e44f:populateFiles  
 <request body omitted>
[debug] [2021-06-21T13:08:17.293Z] <<< HTTP RESPONSE 200 {"content-type":"application/json; charset=UTF-8","vary":"X-Origin, Referer, Origin,Accept-Encoding","date":"Mon, 21 Jun 2021 13:08:18 GMT","server":"ESF","cache-control":"private","x-xss-protection":"0","x-frame-options":"SAMEORIGIN","x-content-type-options":"nosniff","alt-svc":"h3=\":443\"; ma=2592000,h3-29=\":443\"; ma=2592000,h3-T051=\":443\"; ma=2592000,h3-Q050=\":443\"; ma=2592000,h3-Q046=\":443\"; ma=2592000,h3-Q043=\":443\"; ma=2592000,quic=\":443\"; ma=2592000; v=\"46,43\"","accept-ranges":"none","transfer-encoding":"chunked"}
[debug] [2021-06-21T13:08:17.298Z] [hosting][populate queue][FINAL] {"max":641,"min":641,"avg":641,"active":0,"complete":1,"success":1,"errored":0,"retried":0,"total":1,"elapsed":644}
[debug] [2021-06-21T13:08:17.298Z] [hosting] uploads queued: 9
